2018-05-08 08:53:49 DEBUG ChallengeCommand:36 - Challenge declared in guild 441309574364921856! received the following arguments: [<@240175519721586691>, test, die, list, finctie]
2018-05-08 09:23:08 DEBUG ChallengeCommand:36 - Challenge declared in guild 441309574364921856! received the following arguments: [<@240175519721586691>, , test, die, list, finctie]
2018-05-09 08:54:22 DEBUG ListCommand:51 - Feuds list requested! Friendly Feuds received the following arguments: [all]
2018-05-09 08:54:55 DEBUG ChallengeCommand:39 - Challenge declared in guild 441309574364921856! received the following arguments: [<@240175519721586691>, Test, the, bot]
2018-05-09 08:55:01 DEBUG ListCommand:51 - Feuds list requested! Friendly Feuds received the following arguments: []
2018-05-09 08:55:10 DEBUG ListCommand:51 - Feuds list requested! Friendly Feuds received the following arguments: [all]
2018-05-09 08:55:32 DEBUG ChallengeCommand:39 - Challenge declared in guild 441309574364921856! received the following arguments: [<@240175519721586691>, , Test, the, bot2]
2018-05-09 08:55:35 DEBUG ChallengeCommand:39 - Challenge declared in guild 441309574364921856! received the following arguments: [<@240175519721586691>, , Test, the, bot3]
2018-05-09 08:55:40 DEBUG ChallengeCommand:39 - Challenge declared in guild 441309574364921856! received the following arguments: [<@240175519721586691>, , Test, the, bot4]
2018-05-09 08:55:45 DEBUG ListCommand:51 - Feuds list requested! Friendly Feuds received the following arguments: [mine]
2018-05-09 08:56:56 DEBUG GrantCommand:33 - Win decided!! Friendly Feuds received the following arguments: [FVDM43, <@240176271538126849>]
2018-05-09 08:58:52 DEBUG GrantCommand:33 - Win decided!! Friendly Feuds received the following arguments: [FVAAAA, <@240175519721586691>]
2018-05-09 08:59:31 DEBUG GrantCommand:33 - Win decided!! Friendly Feuds received the following arguments: [FVDM43, <@240176271538126849>]
2018-05-09 09:03:12 DEBUG GrantCommand:33 - Win decided!! Friendly Feuds received the following arguments: [FVDM43, <@240176271538126849>]
2018-05-09 09:59:08 DEBUG ChallengeCommand:39 - Challenge declared in guild 441309574364921856! received the following arguments: [<@240175519721586691>, @Aknas#4976, test, foreign, user]
2018-05-09 11:50:40 DEBUG ListCommand:51 - Feuds list requested! Friendly Feuds received the following arguments: []
2018-05-09 11:50:47 DEBUG ListCommand:51 - Feuds list requested! Friendly Feuds received the following arguments: [all]
2018-05-09 11:53:03 DEBUG ListCommand:51 - Feuds list requested! Friendly Feuds received the following arguments: [all]
2018-05-09 11:53:33 DEBUG ChallengeCommand:39 - Challenge declared in guild 441309574364921856! received the following arguments: [<@240175519721586691>, Test, challenge, 1]
2018-05-09 11:53:46 DEBUG ChallengeCommand:39 - Challenge declared in guild 441309574364921856! received the following arguments: [<@240175519721586691>, , Test, challenge, 2]
2018-05-09 11:53:55 DEBUG ChallengeCommand:39 - Challenge declared in guild 441309574364921856! received the following arguments: [<@240175519721586691>, , Test, challenge, 3]
2018-05-09 11:54:01 DEBUG ChallengeCommand:39 - Challenge declared in guild 441309574364921856! received the following arguments: [<@240175519721586691>, , Test, challenge, 4]
2018-05-09 11:58:23 DEBUG ListCommand:51 - Feuds list requested! Friendly Feuds received the following arguments: [all]
2018-05-09 12:00:31 DEBUG ListCommand:51 - Feuds list requested! Friendly Feuds received the following arguments: [challenger]
2018-05-09 12:00:38 DEBUG ListCommand:51 - Feuds list requested! Friendly Feuds received the following arguments: [defender]
2018-05-09 13:46:52 DEBUG ListCommand:51 - Feuds list requested! Friendly Feuds received the following arguments: [referee]
2018-05-09 13:50:32 DEBUG ListCommand:51 - Feuds list requested! Friendly Feuds received the following arguments: [defender]
2018-05-09 13:51:13 DEBUG GrantCommand:33 - Win decided!! Friendly Feuds received the following arguments: [PBCFG0, <@240176271538126849>]
2018-05-09 13:52:35 DEBUG GrantCommand:74 - user calling the grant is not the referee
2018-05-09 13:53:44 DEBUG GrantCommand:33 - Win decided!! Friendly Feuds received the following arguments: [PBCFG0, <@240176271538126849>]
2018-05-09 13:53:45 DEBUG GrantCommand:74 - user calling the grant is not the referee
2018-05-09 13:54:01 DEBUG GrantCommand:33 - Win decided!! Friendly Feuds received the following arguments: [PBCFG0, <@240175519721586691>]
2018-05-09 13:54:01 DEBUG GrantCommand:74 - user calling the grant is not the referee
2018-05-09 13:55:21 DEBUG GrantCommand:33 - Win decided!! Friendly Feuds received the following arguments: [PBCFG0, <@240175519721586691>]
2018-05-09 13:55:21 DEBUG GrantCommand:74 - user calling the grant is not the referee
2018-05-09 13:59:04 DEBUG GrantCommand:33 - Win decided!! Friendly Feuds received the following arguments: [PBCFG0, <@240175519721586691>]
2018-05-09 13:59:16 DEBUG GrantCommand:74 - user calling the grant is not the referee
2018-05-09 13:59:47 DEBUG GrantCommand:33 - Win decided!! Friendly Feuds received the following arguments: [PBCFG0, <@240175519721586691>]
2018-05-09 14:00:26 DEBUG GrantCommand:74 - user calling the grant is not the referee
2018-05-09 14:01:37 DEBUG GrantCommand:33 - Win decided!! Friendly Feuds received the following arguments: [PBCFG0, <@240175519721586691>]
2018-05-09 14:01:40 DEBUG GrantCommand:74 - user calling the grant is not the referee
2018-05-09 14:01:51 DEBUG GrantCommand:33 - Win decided!! Friendly Feuds received the following arguments: [PBCFG0, <@240175519721586691>]
2018-05-09 14:59:53 DEBUG StatsCommand:33 - Stats requested! Friendly Feuds received the following arguments: [<@240176271538126849>]
2018-05-09 15:00:08 DEBUG StatsCommand:33 - Stats requested! Friendly Feuds received the following arguments: [<@240176271538126849>]
2018-05-09 15:03:02 DEBUG StatsCommand:33 - Stats requested! Friendly Feuds received the following arguments: [<@240176271538126849>]
2018-05-09 15:09:55 DEBUG StatsCommand:36 - Stats requested! Friendly Feuds received the following arguments: [<@240176271538126849>]
2018-05-09 15:11:16 DEBUG StatsCommand:36 - Stats requested! Friendly Feuds received the following arguments: [<@240176271538126849>]
2018-05-09 15:14:05 DEBUG StatsCommand:33 - Stats requested! Friendly Feuds received the following arguments: [<@240176271538126849>]
2018-05-09 15:16:48 DEBUG StatsCommand:33 - Stats requested! Friendly Feuds received the following arguments: [<@240176271538126849>]
2018-05-09 15:17:46 DEBUG StatsCommand:33 - Stats requested! Friendly Feuds received the following arguments: [<@240176271538126849>]
